\BOOKMARK [1][-]{section.1}{\376\377\173\124\230\230\152\041\147\177}{}% 1
\BOOKMARK [2][-]{subsection.1.1}{\376\377\154\064\137\252\163\257\000-\204\270\123\321\166\204\137\161\124\315\126\340\175\040}{section.1}% 2
\BOOKMARK [2][-]{subsection.1.2}{\376\377\154\064\154\175\217\223\220\001\166\204\137\161\124\315\126\340\175\040}{section.1}% 3
\BOOKMARK [2][-]{subsection.1.3}{\376\377\154\064\137\252\163\257\000-\127\060\210\150\137\204\155\101\166\204\137\161\124\315\126\340\175\040}{section.1}% 4
\BOOKMARK [2][-]{subsection.1.4}{\376\377\116\013\156\027\166\204\137\161\124\315\126\340\175\040}{section.1}% 5
\BOOKMARK [2][-]{subsection.1.5}{\376\377\121\205\155\101\123\072\166\204\137\142\142\020\147\141\116\366}{section.1}% 6
\BOOKMARK [2][-]{subsection.1.6}{\376\377\202\052\217\320\116\367\120\074}{section.1}% 7
\BOOKMARK [2][-]{subsection.1.7}{\376\377\154\263\155\101\166\204\154\064\145\207\162\171\137\201}{section.1}% 8
\BOOKMARK [2][-]{subsection.1.8}{\376\377\154\064\174\373\162\171\137\201}{section.1}% 9
\BOOKMARK [2][-]{subsection.1.9}{\376\377\155\101\221\317\166\204\137\161\124\315\126\340\175\040}{section.1}% 10
\BOOKMARK [2][-]{subsection.1.10}{\376\377\124\053\154\231\221\317\166\204\137\161\124\315\126\340\175\040}{section.1}% 11
\BOOKMARK [2][-]{subsection.1.11}{\376\377\154\024\120\031\162\171\137\201\143\317\217\360}{section.1}% 12
\BOOKMARK [2][-]{subsection.1.12}{\376\377\154\024\120\031\166\204\137\161\124\315\126\340\175\040}{section.1}% 13
\BOOKMARK [2][-]{subsection.1.13}{\376\377\154\024\156\051\166\204\137\161\124\315\126\340\175\040}{section.1}% 14
\BOOKMARK [2][-]{subsection.1.14}{\376\377\226\115\154\064\166\204\137\161\124\315\126\340\175\040}{section.1}% 15
\BOOKMARK [2][-]{subsection.1.15}{\376\377\131\052\226\063\217\220\134\004\166\204\137\161\124\315\126\340\175\040}{section.1}% 16
\BOOKMARK [2][-]{subsection.1.16}{\376\377\146\074\131\034\156\051\135\356\166\204\137\161\124\315\126\340\175\040}{section.1}% 17
\BOOKMARK [2][-]{subsection.1.17}{\376\377\154\024\120\031\133\371\121\234\116\032\166\204\137\161\124\315}{section.1}% 18
\BOOKMARK [2][-]{subsection.1.18}{\376\377\230\316\200\375\137\000\123\321\166\204\123\072\117\115\147\141\116\366}{section.1}% 19
\BOOKMARK [2][-]{subsection.1.19}{\376\377\154\064\200\375\137\000\123\321\166\204\147\141\116\366}{section.1}% 20
\BOOKMARK [2][-]{subsection.1.20}{\376\377\156\024\127\072\166\204\137\142\142\020\147\141\116\366}{section.1}% 21
\BOOKMARK [2][-]{subsection.1.21}{\376\377\155\167\154\064\166\320\136\246\166\204\137\161\124\315\126\340\175\040}{section.1}% 22
\BOOKMARK [2][-]{subsection.1.22}{\376\377\154\064\117\123\176\323\121\260\166\204\137\161\124\315\126\340\175\040}{section.1}% 23
\BOOKMARK [2][-]{subsection.1.23}{\376\377\226\352\176\277\232\330\136\246\166\204\137\161\124\315\126\340\175\040}{section.1}% 24
\BOOKMARK [2][-]{subsection.1.24}{\376\377\134\161\127\060\127\202\166\364\136\046\214\061\166\204\137\161\124\315\126\340\175\040}{section.1}% 25
\BOOKMARK [2][-]{subsection.1.25}{\376\377\165\037\162\151\131\032\150\067\140\047\166\204\137\161\124\315\126\340\175\040}{section.1}% 26
\BOOKMARK [2][-]{subsection.1.26}{\376\377\127\037\130\344\200\245\122\233\232\330\117\116\166\204\137\161\124\315\126\340\175\040}{section.1}% 27
\BOOKMARK [2][-]{subsection.1.27}{\376\377\142\020\127\037\153\315\215\050\133\371\127\037\130\344\166\204\137\161\124\315}{section.1}% 28
\BOOKMARK [2][-]{subsection.1.28}{\376\377\154\024\120\031\133\371\127\037\130\344\166\204\137\161\124\315}{section.1}% 29
\BOOKMARK [2][-]{subsection.1.29}{\376\377\127\037\130\344\166\320\170\261\123\026\166\204\142\020\126\340}{section.1}% 30
\BOOKMARK [2][-]{subsection.1.30}{\376\377\202\052\131\051\123\321\134\004\127\372\127\060\166\204\147\141\116\366}{section.1}% 31
\BOOKMARK [2][-]{subsection.1.31}{\376\377\126\336\145\066\127\372\127\060\166\204\147\141\116\366}{section.1}% 32
\BOOKMARK [2][-]{subsection.1.32}{\376\377\131\051\145\207\211\302\155\113\127\372\127\060\166\204\123\072\117\115\220\011\142\351}{section.1}% 33
\BOOKMARK [2][-]{subsection.1.33}{\376\377\155\101\172\013\166\204\137\161\124\315\126\340\175\040}{section.1}% 34
\BOOKMARK [2][-]{subsection.1.34}{\376\377\155\101\127\337\227\142\171\357\166\204\137\161\124\315\126\340\175\040}{section.1}% 35
\BOOKMARK [2][-]{subsection.1.35}{\376\377\154\263\177\121\133\306\136\246\166\204\137\161\124\315\126\340\175\040}{section.1}% 36
\BOOKMARK [2][-]{subsection.1.36}{\376\377\213\304\116\367\154\064\122\051\135\345\172\013\166\204\137\161\124\315}{section.1}% 37
\BOOKMARK [2][-]{subsection.1.37}{\376\377\157\156\154\120\200\375\166\204\137\161\124\315\126\340\175\040}{section.1}% 38
\BOOKMARK [2][-]{subsection.1.38}{\376\377\167\363\154\271\123\161\147\072\136\224\133\371\143\252\145\275}{section.1}% 39
\BOOKMARK [2][-]{subsection.1.39}{\376\377\161\144\160\255\137\000\221\307\000,\217\320\217\223\000,\122\051\165\050\116\055\166\204\163\257\130\203\225\356\230\230\116\016\117\335\142\244\143\252\145\275}{section.1}% 40
\BOOKMARK [2][-]{subsection.1.40}{\376\377\154\064\215\104\156\220\167\355\177\072\166\204\123\237\126\340\124\214\143\252\145\275}{section.1}% 41
\BOOKMARK [2][-]{subsection.1.41}{\376\377\127\060\137\142\162\171\137\201\166\204\143\317\217\360}{section.1}% 42
\BOOKMARK [2][-]{subsection.1.42}{\376\377\127\060\137\142\133\371\123\072\127\337\154\024\156\051\166\204\137\161\124\315}{section.1}% 43
\BOOKMARK [2][-]{subsection.1.43}{\376\377\127\060\137\142\133\371\123\072\127\337\204\270\123\321\166\204\137\161\124\315}{section.1}% 44
\BOOKMARK [2][-]{subsection.1.44}{\376\377\127\060\137\142\133\371\226\115\154\064\166\204\137\161\124\315}{section.1}% 45
\BOOKMARK [2][-]{subsection.1.45}{\376\377\127\060\137\142\133\371\230\316\166\204\137\161\124\315}{section.1}% 46
\BOOKMARK [2][-]{subsection.1.46}{\376\377\127\060\137\142\133\371\154\263\155\101\154\064\174\373\166\204\137\161\124\315}{section.1}% 47
\BOOKMARK [2][-]{subsection.1.47}{\376\377\127\060\137\142\133\371\154\064\145\207\166\204\137\161\124\315}{section.1}% 48
\BOOKMARK [2][-]{subsection.1.48}{\376\377\127\060\137\142\133\371\121\234\116\032\165\037\116\247\166\204\137\161\124\315}{section.1}% 49
\BOOKMARK [2][-]{subsection.1.49}{\376\377\116\244\220\032\176\277\215\357\166\204\220\011\176\277\123\237\122\031\000\050\123\163\116\244\220\032\117\356\136\372\166\204\127\060\164\006\141\017\116\111\000\051}{section.1}% 50
\BOOKMARK [2][-]{subsection.1.50}{\376\377\121\150\164\003\154\024\120\031\123\330\146\226\166\204\123\237\126\340\123\312\143\252\145\275}{section.1}% 51
\BOOKMARK [2][-]{subsection.1.51}{\376\377\121\150\164\003\154\024\120\031\123\330\146\226\133\371\154\277\155\167\127\060\123\072\166\204\137\161\124\315}{section.1}% 52
\BOOKMARK [2][-]{subsection.1.52}{\376\377\145\260\200\375\156\220\117\030\177\072\160\271\133\371\153\324}{section.1}% 53
\BOOKMARK [2][-]{subsection.1.53}{\376\377\145\260\200\375\156\220\137\000\123\321\133\371\123\072\127\337\123\321\134\125\166\204\137\161\124\315}{section.1}% 54
\BOOKMARK [2][-]{subsection.1.54}{\376\377\166\320\127\072\166\204\123\072\117\115\147\141\116\366}{section.1}% 55
\BOOKMARK [2][-]{subsection.1.55}{\376\377\123\360\230\316\201\364\160\176\172\013\136\246\000\050\123\161\133\263\172\013\136\246\000\051\166\204\126\340\175\040}{section.1}% 56
\BOOKMARK [2][-]{subsection.1.56}{\376\377\155\052\155\235\160\176\133\263\166\204\142\020\126\340}{section.1}% 57
\BOOKMARK [2][-]{subsection.1.57}{\376\377\155\052\155\235\160\176\133\263\166\204\226\062\154\273\143\252\145\275}{section.1}% 58
\BOOKMARK [2][-]{subsection.1.58}{\376\377\116\034\123\027\123\116\123\027\146\045\145\361\166\204\142\020\126\340}{section.1}% 59
\BOOKMARK [2][-]{subsection.1.59}{\376\377\225\177\154\137\155\101\127\337\117\017\145\361\166\204\142\020\126\340}{section.1}% 60
\BOOKMARK [2][-]{subsection.1.60}{\376\377\211\177\123\127\127\060\123\072\121\254\146\045\217\336\145\361\166\204\142\020\126\340}{section.1}% 61
\BOOKMARK [2][-]{subsection.1.61}{\376\377\136\162\145\361\166\204\123\161\133\263\124\214\226\062\154\273\143\252\145\275}{section.1}% 62
\BOOKMARK [2][-]{subsection.1.62}{\376\377\133\322\157\156\166\204\226\062\137\241\143\252\145\275}{section.1}% 63
\BOOKMARK [2][-]{subsection.1.63}{\376\377\133\322\157\156\166\204\137\161\124\315}{section.1}% 64
\BOOKMARK [2][-]{subsection.1.64}{\376\377\154\231\134\030\146\264\166\204\142\020\126\340}{section.1}% 65
\BOOKMARK [2][-]{subsection.1.65}{\376\377\160\153\134\161\125\267\123\321\133\371\127\060\164\006\163\257\130\203\166\204\137\161\124\315}{section.1}% 66
\BOOKMARK [2][-]{subsection.1.66}{\376\377\127\060\227\007\160\310\136\246\166\204\137\161\124\315\126\340\175\040}{section.1}% 67
\BOOKMARK [2][-]{subsection.1.67}{\376\377\156\321\127\141\166\204\142\020\126\340\124\214\226\062\137\241\143\252\145\275}{section.1}% 68
\BOOKMARK [2][-]{subsection.1.68}{\376\377\154\345\167\363\155\101\166\204\142\020\126\340\124\214\226\062\137\241\143\252\145\275}{section.1}% 69
\BOOKMARK [2][-]{subsection.1.69}{\376\377\127\060\227\142\154\211\226\115\166\204\142\020\126\340\124\214\226\062\137\241\143\252\145\275}{section.1}% 70
\BOOKMARK [2][-]{subsection.1.70}{\376\377\135\051\130\114\166\204\142\020\126\340\124\214\226\062\137\241\143\252\145\275}{section.1}% 71
\BOOKMARK [2][-]{subsection.1.71}{\376\377\207\127\160\176\166\204\226\062\137\241\143\252\145\275}{section.1}% 72
\BOOKMARK [2][-]{subsection.1.72}{\376\377\150\356\147\227\160\153\160\176\166\204\142\020\126\340}{section.1}% 73
\BOOKMARK [2][-]{subsection.1.73}{\376\377\137\161\124\315\116\272\123\343\201\352\161\066\130\236\225\177\166\204\126\340\175\040}{section.1}% 74
\BOOKMARK [2][-]{subsection.1.74}{\376\377\116\272\123\343\130\236\225\177\217\307\137\353\136\046\147\145\166\204\225\356\230\230\124\214\166\370\136\224\143\252\145\275}{section.1}% 75
\BOOKMARK [2][-]{subsection.1.75}{\376\377\116\272\123\343\130\236\225\177\217\307\141\142\136\046\147\145\166\204\225\356\230\230\124\214\166\370\136\224\143\252\145\275}{section.1}% 76
\BOOKMARK [2][-]{subsection.1.76}{\376\377\142\021\126\375\116\272\123\343\225\356\230\230\123\312\143\252\145\275}{section.1}% 77
\BOOKMARK [2][-]{subsection.1.77}{\376\377\116\272\123\343\140\047\122\053\176\323\147\204\116\015\124\010\164\006}{section.1}% 78
\BOOKMARK [2][-]{subsection.1.78}{\376\377\163\257\130\203\116\272\123\343\133\271\221\317\166\204\137\161\124\315\126\340\175\040}{section.1}% 79
\BOOKMARK [2][-]{subsection.1.79}{\376\377\116\272\123\343\217\301\171\373\166\204\137\161\124\315\126\340\175\040}{section.1}% 80
\BOOKMARK [2][-]{subsection.1.80}{\376\377\116\272\123\343\217\301\171\373\166\204\137\161\124\315}{section.1}% 81
\BOOKMARK [2][-]{subsection.1.81}{\376\377\127\316\136\002\123\072\117\115\126\340\175\040}{section.1}% 82
\BOOKMARK [2][-]{subsection.1.82}{\376\377\127\316\136\002\122\237\200\375\122\006\123\072\166\204\137\161\124\315\126\340\175\040}{section.1}% 83
\BOOKMARK [2][-]{subsection.1.83}{\376\377\116\055\137\303\125\106\122\241\123\072\166\204\162\171\137\201}{section.1}% 84
\BOOKMARK [2][-]{subsection.1.84}{\376\377\220\312\123\072\127\316\136\002\123\026\116\016\220\006\127\316\136\002\123\026\166\204\123\072\122\053\000,\220\006\127\316\136\002\123\026\166\204\123\237\126\340}{section.1}% 85
\BOOKMARK [2][-]{subsection.1.85}{\376\377\127\316\136\002\123\026\217\307\172\013\133\371\201\352\161\066\127\060\164\006\163\257\130\203\166\204\137\161\124\315}{section.1}% 86
\BOOKMARK [2][-]{subsection.1.86}{\376\377\127\316\136\002\123\026\225\356\230\230\166\204\210\150\163\260\123\312\143\252\145\275}{section.1}% 87
\BOOKMARK [2][-]{subsection.1.87}{\376\377\123\153\146\037\127\316\166\204\122\237\200\375}{section.1}% 88
\BOOKMARK [2][-]{subsection.1.88}{\376\377\131\047\127\316\136\002\166\204\217\220\134\004\122\237\200\375}{section.1}% 89
\BOOKMARK [2][-]{subsection.1.89}{\376\377\116\247\116\032\155\073\122\250\116\055\166\204\127\060\127\337\200\124\174\373}{section.1}% 90
\BOOKMARK [2][-]{subsection.1.90}{\376\377\162\151\155\101\217\307\172\013\116\055\166\204\125\106\215\070\200\124\174\373\163\257\202\202\123\312\162\151\155\101\116\032\166\204\117\134\165\050}{section.1}% 91
\BOOKMARK [2][-]{subsection.1.91}{\376\377\171\321\142\200\116\016\117\341\140\157\200\124\174\373\166\204\117\134\165\050}{section.1}% 92
\BOOKMARK [2][-]{subsection.1.92}{\376\377\121\234\116\032\123\072\117\115}{section.1}% 93
\BOOKMARK [2][-]{subsection.1.93}{\376\377\121\111\161\147\133\371\121\234\116\032\166\204\137\161\124\315}{section.1}% 94
\BOOKMARK [2][-]{subsection.1.94}{\376\377\160\355\221\317\000,\154\024\156\051\133\371\121\234\116\032\166\204\137\161\124\315}{section.1}% 95
\BOOKMARK [2][-]{subsection.1.95}{\376\377\226\115\154\064\133\371\121\234\116\032\166\204\137\161\124\315}{section.1}% 96
\BOOKMARK [2][-]{subsection.1.96}{\376\377\127\060\137\142\133\371\121\234\116\032\166\204\137\161\124\315}{section.1}% 97
\BOOKMARK [2][-]{subsection.1.97}{\376\377\127\037\130\344\133\371\121\234\116\032\166\204\137\161\124\315}{section.1}% 98
\BOOKMARK [2][-]{subsection.1.98}{\376\377\154\064\156\220\133\371\121\234\116\032\166\204\137\161\124\315}{section.1}% 99
\BOOKMARK [2][-]{subsection.1.99}{\376\377\136\002\127\072\133\371\121\234\116\032\166\204\137\161\124\315}{section.1}% 100
\BOOKMARK [2][-]{subsection.1.100}{\376\377\116\244\220\032\133\371\121\234\116\032\166\204\137\161\124\315}{section.1}% 101
\BOOKMARK [2][-]{subsection.1.101}{\376\377\121\234\116\032\142\200\147\057\133\371\121\234\116\032\166\204\137\161\124\315}{section.1}% 102
\BOOKMARK [2][-]{subsection.1.102}{\376\377\225\364\117\134\131\127\171\315\166\204\117\030\160\271}{section.1}% 103
\BOOKMARK [2][-]{subsection.1.103}{\376\377\217\156\117\134\166\204\145\110\166\312}{section.1}% 104
\BOOKMARK [2][-]{subsection.1.104}{\376\377\127\204\117\134\150\075\127\371\166\204\117\030\160\271}{section.1}% 105
\BOOKMARK [2][-]{subsection.1.105}{\376\377\165\305\206\153\133\263\134\021\166\204\123\237\126\340}{section.1}% 106
\BOOKMARK [2][-]{subsection.1.106}{\376\377\121\234\116\247\124\301\124\301\215\050\131\175}{section.1}% 107
\BOOKMARK [2][-]{subsection.1.107}{\376\377\121\234\117\134\162\151\123\125\116\247\232\330}{section.1}% 108
\BOOKMARK [2][-]{subsection.1.108}{\376\377\121\234\117\134\162\151\125\106\124\301\163\207\232\330\166\204\123\237\126\340}{section.1}% 109
\BOOKMARK [2][-]{subsection.1.109}{\376\377\146\057\124\046\142\151\131\047\171\315\151\015\211\304\152\041}{section.1}% 110
\BOOKMARK [2][-]{subsection.1.110}{\376\377\121\234\116\032\123\072\117\115\147\141\116\366\166\204\145\071\220\040}{section.1}% 111
\BOOKMARK [2][-]{subsection.1.111}{\376\377\121\234\116\032\211\206\166\326\142\200\147\057\040\024\040\024\211\206\201\234\166\204\117\134\165\050}{section.1}% 112
\BOOKMARK [2][-]{subsection.1.112}{\376\377\121\234\116\032\211\206\166\326\142\200\147\057\040\024\040\024\211\206\203\111\174\173\166\204\117\134\165\050}{section.1}% 113
\BOOKMARK [2][-]{subsection.1.113}{\376\377\121\234\116\032\211\206\166\326\142\200\147\057\040\024\040\024\211\206\170\002\170\076\166\204\117\134\165\050}{section.1}% 114
\BOOKMARK [2][-]{subsection.1.114}{\376\377\121\234\116\032\123\357\143\001\176\355\123\321\134\125\166\204\143\252\145\275}{section.1}% 115
\BOOKMARK [2][-]{subsection.1.115}{\376\377\121\234\116\032\165\037\116\247\127\060\123\072\116\023\225\350\123\026\166\204\117\030\160\271}{section.1}% 116
\BOOKMARK [2][-]{subsection.1.116}{\376\377\116\232\155\062\154\064\172\073\171\315\151\015\116\032\166\204\162\171\160\271\000,\225\356\230\230\116\016\143\252\145\275}{section.1}% 117
\BOOKMARK [2][-]{subsection.1.117}{\376\377\131\047\162\147\127\072\145\076\162\147\116\032\166\204\165\037\116\247\162\171\160\271\000,\123\072\117\115\147\141\116\366\000,\123\321\134\125\143\252\145\275}{section.1}% 118
\BOOKMARK [2][-]{subsection.1.118}{\376\377\116\163\165\134\116\032\166\204\165\037\116\247\162\171\160\271\000,\123\072\117\115\147\141\116\366}{section.1}% 119
\BOOKMARK [2][-]{subsection.1.119}{\376\377\155\367\124\010\121\234\116\032\166\204\123\072\117\115\147\141\116\366\000,\117\030\160\271}{section.1}% 120
\BOOKMARK [2][-]{subsection.1.120}{\376\377\135\345\116\032\123\072\117\115}{section.1}% 121
\BOOKMARK [2][-]{subsection.1.121}{\376\377\131\047\154\024\154\141\147\323\135\345\116\032\136\003\134\100}{section.1}% 122
\BOOKMARK [2][-]{subsection.1.122}{\376\377\135\345\116\032\226\306\200\132\166\204\117\030\160\271\116\016\177\072\160\271}{section.1}% 123
\BOOKMARK [2][-]{subsection.1.123}{\376\377\135\345\116\032\217\154\171\373\166\204\137\161\124\315}{section.1}% 124
\BOOKMARK [2][-]{subsection.1.124}{\376\377\234\201\134\024\123\072\166\204\123\072\117\115\147\141\116\366}{section.1}% 125
\BOOKMARK [2][-]{subsection.1.125}{\376\377\234\201\134\024\123\072\210\160\204\075\166\204\123\237\126\340}{section.1}% 126
\BOOKMARK [2][-]{subsection.1.126}{\376\377\234\201\134\024\123\072\145\164\154\273\166\204\143\252\145\275}{section.1}% 127
\BOOKMARK [2][-]{subsection.1.127}{\376\377\135\345\116\032\123\357\143\001\176\355\123\321\134\125\166\204\143\252\145\275}{section.1}% 128
\BOOKMARK [2][-]{subsection.1.128}{\376\377\116\224\171\315\116\244\220\032\217\320\217\223\145\271\137\017\166\204\117\030\177\072\160\271}{section.1}% 129
\BOOKMARK [2][-]{subsection.1.129}{\376\377\226\306\210\305\173\261\166\204\117\030\160\271}{section.1}% 130
\BOOKMARK [2][-]{subsection.1.130}{\376\377\116\244\220\032\176\277\166\204\220\011\176\277\123\237\122\031\000\050\117\116\232\330\131\047\134\017\000\051}{section.1}% 131
\BOOKMARK [2][-]{subsection.1.131}{\376\377\116\345\150\145\136\046\215\357\166\204\123\237\126\340\123\312\137\161\124\315}{section.1}% 132
\BOOKMARK [2][-]{subsection.1.132}{\376\377\131\047\150\145\000,\224\301\215\357\136\372\213\276\226\276\136\246\131\047\166\204\201\352\161\066\126\340\175\040}{section.1}% 133
\BOOKMARK [2][-]{subsection.1.133}{\376\377\154\263\217\320\123\072\117\115\147\141\116\366}{section.1}% 134
\BOOKMARK [2][-]{subsection.1.134}{\376\377\155\167\217\320\123\072\117\115\147\141\116\366}{section.1}% 135
\BOOKMARK [2][-]{subsection.1.135}{\376\377\156\057\123\343\166\204\123\072\117\115\147\141\116\366}{section.1}% 136
\BOOKMARK [2][-]{subsection.1.136}{\376\377\202\052\172\172\156\057\166\204\123\072\117\115\147\141\116\366}{section.1}% 137
\BOOKMARK [2][-]{subsection.1.137}{\376\377\150\356\147\227\166\204\163\257\130\203\145\110\166\312}{section.1}% 138
\BOOKMARK [2][-]{subsection.1.138}{\376\377\116\011\131\047\123\072\127\337\123\321\134\125\226\066\153\265\124\015\171\360\116\016\172\172\225\364\176\323\147\204\162\171\160\271}{section.1}% 139
\BOOKMARK [2][-]{subsection.1.139}{\376\377\116\011\131\047\201\352\161\066\123\072\124\015\171\360\123\312\165\114\176\277}{section.1}% 140
\BOOKMARK [2][-]{subsection.1.140}{\376\377\126\333\131\047\127\060\123\072\166\204\203\003\126\364\000\050\116\055\220\350\000\051}{section.1}% 141
\BOOKMARK [2][-]{subsection.1.141}{\376\377\211\177\220\350\131\047\137\000\123\321\166\204\143\252\145\275}{section.1}% 142
\BOOKMARK [2][-]{subsection.1.142}{\376\377\123\127\154\064\123\027\214\003\116\011\147\141\176\277\215\357\123\312\117\030\177\072\160\271}{section.1}% 143
\BOOKMARK [2][-]{subsection.1.143}{\376\377\123\127\154\064\123\027\214\003\166\204\137\161\124\315}{section.1}% 144
\BOOKMARK [2][-]{subsection.1.144}{\376\377\215\350\123\072\127\337\215\104\156\220\214\003\221\115\176\277\215\357\220\011\142\351\166\204\137\161\124\315\126\340\175\040}{section.1}% 145
\BOOKMARK [2][-]{subsection.1.145}{\376\377\211\177\154\024\116\034\217\223\166\204\176\277\215\357\124\214\141\017\116\111}{section.1}% 146
\BOOKMARK [2][-]{subsection.1.146}{\376\377\211\177\165\065\116\034\220\001\166\204\116\011\147\141\176\277\215\357\124\214\137\161\124\315}{section.1}% 147
\BOOKMARK [2][-]{subsection.1.147}{\376\377\137\161\124\315\116\247\116\032\217\154\171\373\166\204\126\340\175\040}{section.1}% 148
\BOOKMARK [2][-]{subsection.1.148}{\376\377\203\122\157\040\123\026\166\204\142\020\126\340\123\312\143\252\145\275}{section.1}% 149
\BOOKMARK [2][-]{subsection.1.149}{\376\377\116\034\123\027\236\321\127\037\155\101\131\061\166\204\123\237\126\340\123\312\143\252\145\275}{section.1}% 150
\BOOKMARK [2][-]{subsection.1.150}{\376\377\116\034\123\027\150\356\147\227\211\206\166\326\163\207\116\013\226\115\166\204\142\020\126\340\123\312\143\252\145\275}{section.1}% 151
\BOOKMARK [2][-]{subsection.1.151}{\376\377\123\116\123\027\146\045\145\361\166\204\142\020\126\340\123\312\143\252\145\275}{section.1}% 152
\BOOKMARK [2][-]{subsection.1.152}{\376\377\123\116\123\027\127\060\227\142\154\211\226\115\166\204\142\020\126\340\000,\123\161\133\263\123\312\143\252\145\275}{section.1}% 153
\BOOKMARK [2][-]{subsection.1.153}{\376\377\123\116\123\027\154\231\134\030\146\264\166\204\142\020\126\340\123\312\143\252\145\275}{section.1}% 154
\BOOKMARK [2][-]{subsection.1.154}{\376\377\127\037\130\344\166\320\170\261\123\026\166\204\142\020\126\340\123\312\143\252\145\275}{section.1}% 155
\BOOKMARK [2][-]{subsection.1.155}{\376\377\236\304\127\037\232\330\123\237\154\064\127\037\155\101\131\061\166\204\142\020\126\340\000,\143\252\145\275}{section.1}% 156
\BOOKMARK [2][-]{subsection.1.156}{\376\377\123\127\145\271\117\116\134\161\116\030\226\165\176\242\157\040\123\026\166\204\142\020\126\340\123\312\143\252\145\275}{section.1}% 157
\BOOKMARK [2][-]{subsection.1.157}{\376\377\116\221\215\065\232\330\123\237\167\363\157\040\123\026\166\204\142\020\126\340\123\312\143\252\145\275}{section.1}% 158
\BOOKMARK [2][-]{subsection.1.158}{\376\377\156\177\127\060\166\204\142\020\126\340}{section.1}% 159
\BOOKMARK [2][-]{subsection.1.159}{\376\377\156\177\127\060\166\204\116\367\120\074}{section.1}% 160
\BOOKMARK [2][-]{subsection.1.160}{\376\377\156\177\127\060\204\016\177\051\166\204\123\237\126\340\123\312\143\252\145\275}{section.1}% 161
\BOOKMARK [2][-]{subsection.1.161}{\376\377\213\304\116\367\154\064\122\051\135\345\172\013\166\204\137\161\124\315}{section.1}% 162
\BOOKMARK [2][-]{subsection.1.162}{\376\377\142\346\154\263\127\135\040\024\040\024\232\330\127\135\117\116\127\135\166\204\117\030\177\072\160\271\000\050\154\064\200\375\137\000\123\321\147\141\116\366\166\204\153\324\217\203\000\051}{section.1}% 163
\BOOKMARK [2][-]{subsection.1.163}{\376\377\142\275\154\064\204\304\200\375\165\065\172\331\166\204\117\030\160\271}{section.1}% 164
\BOOKMARK [2][-]{subsection.1.164}{\376\377\156\070\203\141\127\213\154\263\220\123\166\204\137\142\142\020\147\141\116\366\123\312\154\273\164\006\143\252\145\275}{section.1}% 165
\BOOKMARK [2][-]{subsection.1.165}{\376\377\217\253\162\266\154\064\174\373\166\204\142\020\126\340}{section.1}% 166
\BOOKMARK [2][-]{subsection.1.166}{\376\377\154\064\117\123\176\323\121\260\166\204\137\161\124\315\126\340\175\040}{section.1}% 167
\BOOKMARK [2][-]{subsection.1.167}{\376\377\156\126\154\312\154\064\221\317\131\047\134\017\166\204\137\161\124\315\126\340\175\040}{section.1}% 168
\BOOKMARK [2][-]{subsection.1.168}{\376\377\156\126\154\312\230\316\155\152\131\047\134\017\166\204\137\161\124\315\126\340\175\040}{section.1}% 169
\BOOKMARK [2][-]{subsection.1.169}{\376\377\131\026\155\101\154\263\156\126\123\330\142\020\121\205\155\101\154\263\156\126\166\204\142\020\126\340}{section.1}% 170
\BOOKMARK [2][-]{subsection.1.170}{\376\377\166\320\156\126\166\204\137\142\142\020\217\307\172\013\123\312\162\171\160\271}{section.1}% 171
\BOOKMARK [2][-]{subsection.1.171}{\376\377\163\257\130\203\225\356\230\230\166\204\122\006\174\173\123\312\116\073\211\201\210\150\163\260}{section.1}% 172
\BOOKMARK [2][-]{subsection.1.172}{\376\377\127\037\127\060\215\104\156\220\166\204\117\335\142\244\143\252\145\275}{section.1}% 173
\BOOKMARK [2][-]{subsection.1.173}{\376\377\127\037\130\344\147\177\176\323\166\204\123\237\126\340\123\312\143\252\145\275}{section.1}% 174
\BOOKMARK [2][-]{subsection.1.174}{\376\377\203\111\127\072\220\000\123\026\166\204\123\237\126\340\123\312\143\252\145\275}{section.1}% 175
\BOOKMARK [2][-]{subsection.1.175}{\376\377\165\037\162\151\131\032\150\067\140\047\121\317\134\021\166\204\142\020\126\340\123\312\143\252\145\275}{section.1}% 176
\BOOKMARK [2][-]{subsection.1.176}{\376\377\154\064\117\123\133\314\204\045\121\173\123\026\000\050\154\064\123\116\000,\215\144\157\156\000\051\166\204\142\020\126\340\123\312\143\252\145\275}{section.1}% 177
\BOOKMARK [2][-]{subsection.1.177}{\376\377\154\064\117\123\221\315\221\321\134\136\154\141\147\323\166\204\123\237\126\340\123\312\143\252\145\275}{section.1}% 178
\BOOKMARK [2][-]{subsection.1.178}{\376\377\155\167\155\013\167\363\154\271\154\141\147\323\166\204\142\020\126\340\000,\123\161\133\263\123\312\143\252\145\275}{section.1}% 179
\BOOKMARK [2][-]{subsection.1.179}{\376\377\131\047\154\024\154\141\147\323\040\024\040\024\160\160\227\076\166\204\142\020\126\340\123\312\143\252\145\275}{section.1}% 180
\BOOKMARK [2][-]{subsection.1.180}{\376\377\121\111\123\026\133\146\160\337\226\376\166\204\142\020\126\340\123\312\143\252\145\275}{section.1}% 181
\BOOKMARK [2][-]{subsection.1.181}{\376\377\201\355\154\047\134\102\172\172\155\036\166\204\142\020\126\340\000,\123\161\133\263\000,\143\252\145\275}{section.1}% 182
\BOOKMARK [2][-]{subsection.1.182}{\376\377\221\170\226\350\166\204\142\020\126\340\000,\123\161\133\263\000,\143\252\145\275}{section.1}% 183
\BOOKMARK [2][-]{subsection.1.183}{\376\377\127\037\130\344\154\141\147\323\166\204\142\020\126\340\123\312\143\252\145\275}{section.1}% 184
